#
# An unexpected error has been detected by Java Runtime Environment:
#
#  EXCEPTION_ACCESS_VIOLATION (0xc0000005) at pc=0x79f136ee, pid=5460, tid=5168
#
# Java VM: Java HotSpot(TM) Client VM (1.6.0-b105 mixed mode)
# Problematic frame:
# C  [m_interpreter.dll+0x2b36ee]
#
# If you would like to submit a bug report, please visit:
#   http://java.sun.com/webapps/bugreport/crash.jsp
#

---------------  T H R E A D  ---------------

Current thread (0x03a0d000):  JavaThread "main" [_thread_in_native, id=5168]

siginfo: ExceptionCode=0xc0000005, reading address 0x3fe00004

Registers:
EAX=0x00cea364, EBX=0x53ac5e74, ECX=0x5135c720, EDX=0x00006c4b
ESP=0x00cea350, EBP=0x00cea370, ESI=0x3fe00000, EDI=0x00000000
EIP=0x79f136ee, EFLAGS=0x00010246

Top of Stack: (sp=0x00cea350)
0x00cea350:   6dfd9a02 5135c720 53ac5e74 79e3c92a
0x00cea360:   3fe00000 00cea924 79f39560 ffffffff
0x00cea370:   00cea388 79f154bf 044d2be0 044d2be0
0x00cea380:   00000000 00000000 00cea3a0 79ca6c88
0x00cea390:   53ac5f14 040eb540 539b34a0 044d2be0
0x00cea3a0:   00cea3bc 79ca9a55 00000000 040eb540
0x00cea3b0:   00000666 044d2be0 539b3d60 00cea3e4
0x00cea3c0:   79581dbb 00000000 040eb540 7956910f 

Instructions: (pc=0x79f136ee)
0x79f136de:   55 ec 52 8b cf e8 58 d6 ff ff c7 06 00 00 00 00
0x79f136ee:   83 7e 04 00 75 3d 8b 46 18 25 00 60 00 00 3d 00 


Stack: [0x004f0000,0x00cf0000),  sp=0x00cea350,  free space=8168k
Native frames: (J=compiled Java code, j=interpreted, Vv=VM code, C=native code)
C  [m_interpreter.dll+0x2b36ee]
C  [m_interpreter.dll+0x2b54bf]
C  [m_interpreter.dll+0x46c88]
C  [m_interpreter.dll+0x49a55]
C  [m_dispatcher.dll+0x31dbb]
C  [m_interpreter.dll+0xcea4]
C  [mcr.dll+0x1ac27]
C  [m_dispatcher.dll+0x153b0]
C  [m_dispatcher.dll+0x77c3]
C  [m_dispatcher.dll+0x27975]
C  [m_dispatcher.dll+0x153b0]
C  [m_dispatcher.dll+0x77c3]
C  [m_interpreter.dll+0x39a37]
C  [m_interpreter.dll+0x39aec]
C  [nativejmi.dll+0x1ac9]

Java frames: (J=compiled Java code, j=interpreted, Vv=VM code)
j  com.mathworks.jmi.NativeMatlab.SendMatlabMessage(Ljava/lang/Object;)Ljava/lang/Object;+0
j  com.mathworks.jmi.NativeMatlab.sendMatlabMessage(Ljava/lang/Object;)Ljava/lang/Object;+22
j  com.mathworks.jmi.MatlabLooper.sendMatlabMessage(Lcom/mathworks/services/message/MWMessage;)Ljava/lang/Object;+20
j  com.mathworks.jmi.Matlab.mtFevalConsoleOutput(Ljava/lang/String;[Ljava/lang/Object;I)Ljava/lang/Object;+48
j  com.mathworks.mde.desk.MLDesktop$5.run()V+14
j  com.mathworks.jmi.NativeMatlab.dispatchMTRequests(Z)V+50
v  ~StubRoutines::call_stub

---------------  P R O C E S S  ---------------

Java Threads: ( => current thread )
  0x4efd9800 JavaThread "Prefs Updater" [_thread_blocked, id=1680]
  0x4f4f3c00 JavaThread "Active Reference Queue Daemon" daemon [_thread_blocked, id=5640]
  0x4f4f3800 JavaThread "Timer-3" daemon [_thread_blocked, id=5064]
  0x4f4f2c00 JavaThread "Timer-2" daemon [_thread_blocked, id=5596]
  0x4f4f2400 JavaThread "TimerQueue" daemon [_thread_blocked, id=5576]
  0x4f3a4c00 JavaThread "AWT-EventQueue-0" [_thread_blocked, id=5532]
  0x4f2ec000 JavaThread "AWT-Windows" daemon [_thread_in_native, id=4860]
  0x4f2ebc00 JavaThread "AWT-Shutdown" [_thread_blocked, id=5328]
  0x4f2eb800 JavaThread "Java2D Disposer" daemon [_thread_blocked, id=4704]
  0x4ecbe800 JavaThread "Timer-0" [_thread_blocked, id=5508]
  0x06e64000 JavaThread "Low Memory Detector" daemon [_thread_blocked, id=4668]
  0x06e60400 JavaThread "CompilerThread0" daemon [_thread_blocked, id=4708]
  0x06e60000 JavaThread "Attach Listener" daemon [_thread_blocked, id=4900]
  0x06e5f800 JavaThread "Signal Dispatcher" daemon [_thread_blocked, id=5504]
  0x06e4c800 JavaThread "Finalizer" daemon [_thread_blocked, id=4660]
  0x06e3d800 JavaThread "Reference Handler" daemon [_thread_blocked, id=5496]
=>0x03a0d000 JavaThread "main" [_thread_in_native, id=5168]

Other Threads:
  0x06e3a800 VMThread [id=5500]
  0x06e7e800 WatcherThread [id=5512]

VM state:not at safepoint (normal execution)

VM Mutex/Monitor currently owned by a thread: None

Heap
 def new generation   total 43904K, used 31256K [0x08eb0000, 0x0be50000, 0x18eb0000)
  eden space 39040K,  77% used [0x08eb0000, 0x0ac34d20, 0x0b4d0000)
  from space 4864K,  21% used [0x0b4d0000, 0x0b5d14e8, 0x0b990000)
  to   space 4864K,   0% used [0x0b990000, 0x0b990000, 0x0be50000)
 tenured generation   total 146220K, used 139808K [0x18eb0000, 0x21d7b000, 0x48eb0000)
   the space 146220K,  95% used [0x18eb0000, 0x21738350, 0x21738400, 0x21d7b000)
 compacting perm gen  total 32768K, used 27989K [0x48eb0000, 0x4aeb0000, 0x4ceb0000)
   the space 32768K,  85% used [0x48eb0000, 0x4aa05478, 0x4aa05600, 0x4aeb0000)
No shared spaces configured.

Dynamic libraries:
0x00400000 - 0x004eb000 	C:\Program Files\MATLAB_R2007b\bin\win32\MATLAB.exe
0x77490000 - 0x775b7000 	C:\Windows\system32\ntdll.dll
0x77080000 - 0x7715c000 	C:\Windows\system32\kernel32.dll
0x7aca0000 - 0x7aeba000 	C:\Program Files\MATLAB_R2007b\bin\win32\libmwservices.dll
0x7aec0000 - 0x7af1d000 	C:\Program Files\MATLAB_R2007b\bin\win32\libmwmathutil.dll
0x7ac50000 - 0x7ac9f000 	C:\Program Files\MATLAB_R2007b\bin\win32\libmx.dll
0x7ab80000 - 0x7ac4e000 	C:\Program Files\MATLAB_R2007b\bin\win32\libut.dll
0x75d00000 - 0x75d29000 	C:\Windows\system32\imagehlp.dll
0x76c60000 - 0x76d0a000 	C:\Windows\system32\msvcrt.dll
0x775c0000 - 0x775c7000 	C:\Windows\system32\PSAPI.DLL
0x789a0000 - 0x78b62000 	C:\Program Files\MATLAB_R2007b\bin\win32\xerces-c_2_7.dll
0x7af20000 - 0x7aff7000 	C:\Program Files\MATLAB_R2007b\bin\win32\icuuc36.dll
0x77620000 - 0x776e6000 	C:\Windows\system32\ADVAPI32.dll
0x75bb0000 - 0x75c73000 	C:\Windows\system32\RPCRT4.dll
0x7a770000 - 0x7a774000 	C:\Program Files\MATLAB_R2007b\bin\win32\icudt36.dll
0x75820000 - 0x758bb000 	C:\Windows\WinSxS\x86_microsoft.vc80.crt_1fc8b3b9a1e18e3b_8.0.50727.4016_none_d0893820442e7fe4\MSVCR80.dll
0x75d30000 - 0x75d5d000 	C:\Windows\system32\WS2_32.dll
0x77600000 - 0x77606000 	C:\Windows\system32\NSI.dll
0x7a9e0000 - 0x7aaa2000 	C:\Program Files\MATLAB_R2007b\bin\win32\icuin36.dll
0x7a780000 - 0x7a78c000 	C:\Program Files\MATLAB_R2007b\bin\win32\icuio36.dll
0x6bdd0000 - 0x6be57000 	C:\Windows\WinSxS\x86_microsoft.vc80.crt_1fc8b3b9a1e18e3b_8.0.50727.4016_none_d0893820442e7fe4\MSVCP80.dll
0x75db0000 - 0x75e4d000 	C:\Windows\system32\USER32.dll
0x75d60000 - 0x75dab000 	C:\Windows\system32\GDI32.dll
0x78620000 - 0x78632000 	C:\Program Files\MATLAB_R2007b\bin\win32\zlib1.dll
0x79120000 - 0x79154000 	C:\Program Files\MATLAB_R2007b\bin\win32\mpath.dll
0x73090000 - 0x73115000 	C:\Windows\WinSxS\x86_microsoft.windows.common-controls_6595b64144ccf1df_5.82.6001.18000_none_886786f450a74a05\COMCTL32.dll
0x75c80000 - 0x75cf3000 	C:\Windows\system32\comdlg32.dll
0x76e00000 - 0x76e59000 	C:\Windows\system32\SHLWAPI.dll
0x75ea0000 - 0x769b0000 	C:\Windows\system32\SHELL32.dll
0x755b0000 - 0x75626000 	C:\Windows\system32\NETAPI32.dll
0x796e0000 - 0x79713000 	C:\Program Files\MATLAB_R2007b\bin\win32\mcr.dll
0x78500000 - 0x78518000 	C:\Program Files\MATLAB_R2007b\bin\win32\bridge.dll
0x7a790000 - 0x7a79d000 	C:\Program Files\MATLAB_R2007b\bin\win32\iqm.dll
0x7a7b0000 - 0x7a7be000 	C:\Program Files\MATLAB_R2007b\bin\win32\libmex.dll
0x79550000 - 0x795a4000 	C:\Program Files\MATLAB_R2007b\bin\win32\m_dispatcher.dll
0x78520000 - 0x7853c000 	C:\Program Files\MATLAB_R2007b\bin\win32\datasvcs.dll
0x79c60000 - 0x7a0f2000 	C:\Program Files\MATLAB_R2007b\bin\win32\m_interpreter.dll
0x78540000 - 0x78560000 	C:\Program Files\MATLAB_R2007b\bin\win32\libmat.dll
0x7aab0000 - 0x7ab78000 	C:\Program Files\MATLAB_R2007b\bin\win32\libhdf5.dll
0x7a810000 - 0x7a819000 	C:\Program Files\MATLAB_R2007b\bin\win32\libmwmathrng.dll
0x790e0000 - 0x79111000 	C:\Program Files\MATLAB_R2007b\bin\win32\m_ir.dll
0x79790000 - 0x79c58000 	C:\Program Files\MATLAB_R2007b\bin\win32\m_parser.dll
0x7a7a0000 - 0x7a7ac000 	C:\Program Files\MATLAB_R2007b\bin\win32\ir_xfmr.dll
0x782e0000 - 0x783df000 	C:\Program Files\MATLAB_R2007b\bin\win32\mcos.dll
0x7a840000 - 0x7a84a000 	C:\Program Files\MATLAB_R2007b\bin\win32\mtok.dll
0x78580000 - 0x78595000 	C:\Program Files\MATLAB_R2007b\bin\win32\m_pcodegen.dll
0x785a0000 - 0x785b2000 	C:\Program Files\MATLAB_R2007b\bin\win32\m_pcodeio.dll
0x79460000 - 0x794a7000 	C:\Program Files\MATLAB_R2007b\bin\win32\profiler.dll
0x7a760000 - 0x7a76d000 	C:\Program Files\MATLAB_R2007b\bin\win32\boost_thread-vc80-mt-1_33_1.dll
0x7a640000 - 0x7a6c8000 	C:\Program Files\MATLAB_R2007b\bin\win32\udd.dll
0x79410000 - 0x79458000 	C:\Program Files\MATLAB_R2007b\bin\win32\comcli.dll
0x79020000 - 0x79055000 	C:\Program Files\MATLAB_R2007b\bin\win32\jmi.dll
0x72050000 - 0x72057000 	C:\Windows\system32\WSOCK32.dll
0x7a6d0000 - 0x7a75b000 	C:\Program Files\MATLAB_R2007b\bin\win32\uiw.dll
0x7b000000 - 0x7b0d6000 	C:\Program Files\MATLAB_R2007b\bin\win32\libmwgui.dll
0x78d40000 - 0x78d6a000 	C:\Program Files\MATLAB_R2007b\bin\win32\libmwhardcopy.dll
0x790a0000 - 0x790d2000 	C:\Program Files\MATLAB_R2007b\bin\win32\libuij.dll
0x7a880000 - 0x7a889000 	C:\Program Files\MATLAB_R2007b\bin\win32\uinone.dll
0x66cc0000 - 0x66dcf000 	C:\Windows\WinSxS\x86_microsoft.vc80.mfc_1fc8b3b9a1e18e3b_8.0.50727.762_none_0c178a139ee2a7ed\MFC80.DLL
0x72ec0000 - 0x72f02000 	C:\Windows\system32\WINSPOOL.DRV
0x76a80000 - 0x76bc5000 	C:\Windows\system32\ole32.dll
0x76e60000 - 0x76eed000 	C:\Windows\system32\OLEAUT32.dll
0x6d480000 - 0x6d49b000 	C:\Windows\WinSxS\x86_microsoft.vc80.atl_1fc8b3b9a1e18e3b_8.0.50727.4053_none_d1c738ec43578ea1\ATL80.DLL
0x78680000 - 0x787e8000 	C:\Program Files\MATLAB_R2007b\bin\win32\hg.dll
0x787f0000 - 0x7899e000 	C:\Program Files\MATLAB_R2007b\bin\win32\numerics.dll
0x7a7c0000 - 0x7a7c7000 	C:\Program Files\MATLAB_R2007b\bin\win32\libmwamd.dll
0x794b0000 - 0x79508000 	C:\Program Files\MATLAB_R2007b\bin\win32\libmwcholmod.dll
0x7a7f0000 - 0x7a7f7000 	C:\Program Files\MATLAB_R2007b\bin\win32\libmwcolamd.dll
0x78560000 - 0x7857a000 	C:\Program Files\MATLAB_R2007b\bin\win32\libmwlapack.dll
0x7a7d0000 - 0x7a7dc000 	C:\Program Files\MATLAB_R2007b\bin\win32\libmwbinder.dll
0x7a7e0000 - 0x7a7e9000 	C:\Program Files\MATLAB_R2007b\bin\win32\libmwblas.dll
0x7a800000 - 0x7a807000 	C:\Program Files\MATLAB_R2007b\bin\win32\libmwcsparse.dll
0x78d70000 - 0x78d96000 	C:\Program Files\MATLAB_R2007b\bin\win32\libmwma57.dll
0x7a930000 - 0x7a9d9000 	C:\Program Files\MATLAB_R2007b\bin\win32\libifcoremd.dll
0x79160000 - 0x7940c000 	C:\Program Files\MATLAB_R2007b\bin\win32\libmmd.dll
0x79670000 - 0x796dc000 	C:\Program Files\MATLAB_R2007b\bin\win32\libmwumfpack.dll
0x7a5b0000 - 0x7a638000 	C:\Program Files\MATLAB_R2007b\bin\win32\libfftw3.dll
0x7a890000 - 0x7a92c000 	C:\Program Files\MATLAB_R2007b\bin\win32\libfftw3f.dll
0x7a830000 - 0x7a83b000 	C:\Program Files\MATLAB_R2007b\bin\win32\mlautoregister.dll
0x785c0000 - 0x785d2000 	C:\Program Files\MATLAB_R2007b\bin\win32\mwoles05.DLL
0x79720000 - 0x79785000 	C:\Program Files\MATLAB_R2007b\bin\win32\udd_mi.dll
0x775e0000 - 0x775fe000 	C:\Windows\system32\IMM32.DLL
0x769b0000 - 0x76a78000 	C:\Windows\system32\MSCTF.dll
0x77610000 - 0x77619000 	C:\Windows\system32\LPK.DLL
0x75b30000 - 0x75bad000 	C:\Windows\system32\USP10.dll
0x759a0000 - 0x759c1000 	C:\Windows\system32\NTMARTA.DLL
0x75e50000 - 0x75e99000 	C:\Windows\system32\WLDAP32.dll
0x75980000 - 0x75991000 	C:\Windows\system32\SAMLIB.dll
0x6c1b0000 - 0x6c1b5000 	C:\Windows\system32\avgrsstx.dll
0x747a0000 - 0x7493e000 	C:\Windows\WinSxS\x86_microsoft.windows.common-controls_6595b64144ccf1df_6.0.6002.18005_none_5cb72f96088b0de0\comctl32.dll
0x74180000 - 0x7418e000 	C:\Windows\WinSxS\x86_microsoft.vc80.mfcloc_1fc8b3b9a1e18e3b_8.0.50727.762_none_43efccf17831d131\MFC80ENU.DLL
0x7a100000 - 0x7a5b0000 	C:\Program Files\MATLAB_R2007b\bin\win32\mllapack.dll
0x7b3f0000 - 0x7bcc7000 	C:\Program Files\MATLAB_R2007b\bin\win32\mkl.dll
0x79060000 - 0x79095000 	C:\Program Files\MATLAB_R2007b\bin\win32\libguide40.dll
0x7b0e0000 - 0x7b0e5000 	C:\Program Files\MATLAB_R2007b\bin\win32\mklcompat.dll
0x74760000 - 0x7479f000 	C:\Windows\system32\uxtheme.dll
0x76bd0000 - 0x76c54000 	C:\Windows\system32\CLBCatQ.DLL
0x76ef0000 - 0x7707a000 	C:\Windows\system32\SETUPAPI.dll
0x71ea0000 - 0x71ea3000 	C:\Windows\system32\icmp.Dll
0x75390000 - 0x753a9000 	C:\Windows\system32\iphlpapi.dll
0x75350000 - 0x75385000 	C:\Windows\system32\dhcpcsvc.DLL
0x75630000 - 0x7565c000 	C:\Windows\system32\DNSAPI.dll
0x759d0000 - 0x759e4000 	C:\Windows\system32\Secur32.dll
0x75340000 - 0x75347000 	C:\Windows\system32\WINNSI.DLL
0x75310000 - 0x75332000 	C:\Windows\system32\dhcpcsvc6.DLL
0x78dd0000 - 0x79017000 	C:\Program Files\MATLAB_R2007b\sys\java\jre\win32\jre1.6.0\bin\client\jvm.dll
0x74120000 - 0x74152000 	C:\Windows\system32\WINMM.dll
0x73ff0000 - 0x74029000 	C:\Windows\system32\OLEACC.dll
0x795b0000 - 0x79606000 	C:\Program Files\MATLAB_R2007b\bin\win32\MSVCR71.dll
0x75920000 - 0x7594c000 	C:\Windows\system32\apphelp.dll
0x79510000 - 0x79518000 	C:\Program Files\MATLAB_R2007b\sys\java\jre\win32\jre1.6.0\bin\hpi.dll
0x79530000 - 0x7953c000 	C:\Program Files\MATLAB_R2007b\sys\java\jre\win32\jre1.6.0\bin\verify.dll
0x78640000 - 0x7865f000 	C:\Program Files\MATLAB_R2007b\sys\java\jre\win32\jre1.6.0\bin\java.dll
0x79540000 - 0x7954f000 	C:\Program Files\MATLAB_R2007b\sys\java\jre\win32\jre1.6.0\bin\zip.dll
0x785e0000 - 0x785f2000 	C:\Program Files\MATLAB_R2007b\bin\win32\nativejava.dll
0x78600000 - 0x78611000 	C:\Program Files\MATLAB_R2007b\bin\win32\nativejmi.dll
0x7a870000 - 0x7a876000 	C:\Program Files\MATLAB_R2007b\bin\win32\nativeservices.dll
0x78b70000 - 0x78d33000 	C:\Program Files\MATLAB_R2007b\sys\java\jre\win32\jre1.6.0\bin\awt.dll
0x79610000 - 0x79663000 	C:\Program Files\MATLAB_R2007b\sys\java\jre\win32\jre1.6.0\bin\fontmanager.dll
0x78660000 - 0x78673000 	C:\Program Files\MATLAB_R2007b\sys\java\jre\win32\jre1.6.0\bin\net.dll
0x750c0000 - 0x750fb000 	C:\Windows\system32\mswsock.dll
0x75120000 - 0x75125000 	C:\Windows\System32\wship6.dll
0x79520000 - 0x79529000 	C:\Program Files\MATLAB_R2007b\sys\java\jre\win32\jre1.6.0\bin\nio.dll
0x7a860000 - 0x7a866000 	C:\Program Files\MATLAB_R2007b\bin\win32\nativelex.dll
0x7a850000 - 0x7a85c000 	C:\Program Files\MATLAB_R2007b\bin\win32\nativecmdwin.dll
0x6f470000 - 0x6f477000 	C:\Program Files\MATLAB_R2007b\bin\win32\nativemlint.dll
0x6e6a0000 - 0x6e6da000 	C:\Program Files\MATLAB_R2007b\bin\win32\mlint.dll
0x78da0000 - 0x78dc3000 	C:\Program Files\MATLAB_R2007b\sys\java\jre\win32\jre1.6.0\bin\dcpr.dll

VM Arguments:
jvm_args: -Xss512k -XX:PermSize=32M -Xms64m -XX:NewRatio=3 -XX:MaxPermSize=64M -Xmx128m -XX:MaxDirectMemorySize=1200000000 -Dsun.java2d.noddraw=true -Dsun.awt.nopixfmt=true -Xshare:off -Xmx1024m -Djava.library.path=C:\Program Files\MATLAB_R2007b\bin\win32 vfprintf abort
java_command: <unknown>
Launcher Type: generic

Environment Variables:
CLASSPATH=.;C:\Program Files\Java\jre6\lib\ext\QTJava.zip
PATH=C:\Ruby\bin;C:\Windows\system32;C:\Windows;C:\Windows\System32\Wbem;C:\Program Files\Common Files\Roxio Shared\9.0\DLLShared\;C:\Program Files\OpenSSH\bin;C:\Program Files\QuickTime\QTSystem\;C:\Program Files\GTK2-Runtime\bin;C:\Program Files\MATLAB\R2009a\bin;C:\Program Files\MATLAB\R2009a\bin\win32;C:\Program Files\MATLAB_R2007b\bin;C:\Program Files\MATLAB_R2007b\bin\win32;C:\Program Files\SSH Communications Security\SSH Secure Shell;C:\Program Files\Common Files\GTK\2.0\bin
USERNAME=Paul
OS=Windows_NT
PROCESSOR_IDENTIFIER=x86 Family 6 Model 15 Stepping 11, GenuineIntel



---------------  S Y S T E M  ---------------

OS: Windows Vista Build 6002 Service Pack 2

CPU:total 2 family 6, cmov, cx8, fxsr, mmx, sse, sse2

Memory: 4k page, physical 3929212k(1952984k free), swap 4194303k(4194303k free)

vm_info: Java HotSpot(TM) Client VM (1.6.0-b105) for windows-x86, built on Nov 29 2006 00:48:48 by "java_re" with unknown MS VC++:1310

